
+----------+-----------+-----------+-----------+-----------+
|  Address | Value(+0) | Value(+4) | Value(+8) | Value(+c) |
+----------+-----------+-----------+-----------+-----------+
| 00000000 |  00000000 |  00000000 |  00003105 |  00003100 |
| 00000004 |  00000004 |  00003404 |  00003100 |  00000004 |
| 00000008 |  00000101 |  00003404 |  00000007 |  00001010 |
| 0000000c |  01000003 |  00000000 |  00003305 |  00003100 |
| 00000010 |  00000004 |  00000101 |  00003404 |  00003100 |
| 00000014 |  00000004 |  00003405 |  00003300 |  00000004 |
| 00000018 |  00003100 |  00000004 |  00000101 |  00003405 |
| 0000001c |  00003100 |  00000004 |  00000101 |  00003100 |
| 00000020 |  00000005 |  00000004 |  00003200 |  00000004 |
| 00000024 |  ffffff01 |  00000007 |  ffffdc10 |  00003200 |
| 00000028 |  00000004 |  ffffff01 |  00003200 |  00000005 |
| 0000002c |  01000003 |  ffffff01 |  0000010f |  ffffd011 |
| 00000030 |  00000012 |  00000000 |  00000009 |  00000000 |
| 00000034 |  00000003 |  00000002 |  0000000e |  00000036 |
| 00000038 |  0000004c |  fffffe0c |  00000054 |  00000027 |
| 0000003c |  00000001 |           |           |           |
+----------+-----------+-----------+-----------+-----------+

